<?xml version="1.0" encoding="UTF-8"?>
<!-- Generated by org.testng.reporters.JUnitReportReporter -->
<testsuite skipped="1" hostname="TYSS-4F-022" name="tests.CheckProductAdded" tests="1" failures="0" timestamp="04 Dec 2017 06:17:29 GMT" time="0.000" errors="0">
  <testcase name="checkproduct" time="0.000" classname="tests.CheckProductAdded">
    <skipped/>
  </testcase> <!-- checkproduct -->
</testsuite> <!-- tests.CheckProductAdded -->
